2025-06-26 17:52:21,483 - INFO - User admin@company.com: LOGIN
2025-06-26 17:55:51,150 - INFO - User user1@company.com: LOGIN
2025-06-26 18:01:06,245 - INFO - User admin@company.com: LOGIN
2025-06-26 18:09:32,967 - INFO - User admin@company.com: LOGIN
2025-06-26 18:11:52,915 - INFO - User admin@company.com: LOGIN
2025-06-26 18:12:45,634 - INFO - User admin@company.com: LOGIN
2025-06-26 18:13:20,599 - INFO - User admin@company.com: FILE_UPLOADED
2025-06-26 18:13:20,607 - INFO - User admin@company.com: PROCESSING_STARTED
2025-06-26 18:13:21,266 - INFO - User admin@company.com: EDI_GENERATED
2025-06-26 18:13:22,972 - INFO - User admin@company.com: FILE_DOWNLOADED
2025-06-26 18:18:31,439 - INFO - User admin@company.com: FILE_UPLOADED
2025-06-26 18:18:31,439 - INFO - User admin@company.com: PROCESSING_STARTED
2025-06-26 18:18:31,522 - INFO - User admin@company.com: EDI_GENERATED
2025-06-26 18:18:32,890 - INFO - User admin@company.com: FILE_DOWNLOADED
2025-06-26 18:20:27,644 - INFO - User admin@company.com: LOGIN
2025-06-28 17:09:58,205 - INFO - User admin@company.com: LOGIN
2025-06-28 17:10:13,647 - INFO - User admin@company.com: LOGIN
2025-06-28 17:11:00,621 - INFO - User admin@company.com: LOGIN
2025-06-28 17:11:35,051 - INFO - User admin@company.com: FILE_UPLOADED
2025-06-28 17:11:35,053 - INFO - User admin@company.com: PROCESSING_STARTED
2025-06-28 17:11:35,771 - INFO - User admin@company.com: EDI_GENERATED
2025-06-28 17:11:37,649 - INFO - User admin@company.com: FILE_DOWNLOADED
2025-06-30 15:32:05,474 - INFO - User user1@company.com: LOGIN
